[debug] [2022-10-05T14:42:11.459Z] ----------------------------------------------------------------------
[debug] [2022-10-05T14:42:11.461Z] Command:       C:\Program Files\nodejs\node.exe C:\Users\KNR\AppData\Roaming\npm\node_modules\firebase-tools\lib\bin\firebase.js init
[debug] [2022-10-05T14:42:11.462Z] CLI Version:   9.16.5
[debug] [2022-10-05T14:42:11.462Z] Platform:      win32
[debug] [2022-10-05T14:42:11.462Z] Node Version:  v14.17.1
[debug] [2022-10-05T14:42:11.463Z] Time:          Wed Oct 05 2022 20:12:11 GMT+0530 (India Standard Time)
[debug] [2022-10-05T14:42:11.463Z] ----------------------------------------------------------------------
[debug] 
[debug] [2022-10-05T14:42:11.540Z] > command requires scopes: ["email","openid","https://www.googleapis.com/auth/cloudplatformprojects.readonly","https://www.googleapis.com/auth/firebase","https://www.googleapis.com/auth/cloud-platform"]
[debug] [2022-10-05T14:42:11.541Z] > authorizing via signed-in user (nanisolve8@gmail.com)
[info] 
     ######## #### ########  ######## ########     ###     ######  ########
     ##        ##  ##     ## ##       ##     ##  ##   ##  ##       ##
     ######    ##  ########  ######   ########  #########  ######  ######
     ##        ##  ##    ##  ##       ##     ## ##     ##       ## ##
     ##       #### ##     ## ######## ########  ##     ##  ######  ########

You're about to initialize a Firebase project in this directory:

  C:\Users\KNR\OneDrive\Desktop

Before we get started, keep in mind:

  * You are initializing within an existing Firebase project directory

[info] 
=== Project Setup
[info] 
[info] First, let's associate this project directory with a Firebase project.
[info] You can create multiple project aliases by running firebase use --add, 
[info] but for now we'll just set up a default project.
[info] 
[info] i  .firebaserc already has a default project, using knr-tech. 
[debug] [2022-10-05T14:42:27.038Z] >>> [apiv2][query] GET https://firebase.googleapis.com/v1beta1/projects/knr-tech [none]
[debug] [2022-10-05T14:42:27.976Z] <<< [apiv2][status] GET https://firebase.googleapis.com/v1beta1/projects/knr-tech 200
[debug] [2022-10-05T14:42:27.977Z] <<< [apiv2][body] GET https://firebase.googleapis.com/v1beta1/projects/knr-tech {"projectId":"knr-tech","projectNumber":"1033844032112","displayName":"KNR TECH","name":"projects/knr-tech","resources":{"hostingSite":"knr-tech","realtimeDatabaseInstance":"knr-tech-default-rtdb"},"state":"ACTIVE","etag":"1_45839177-aa23-425b-8b13-97a4356936d1"}
[info] 
=== Database Setup
[info] i  database: ensuring required API firebasedatabase.googleapis.com is enabled... 
[debug] [2022-10-05T14:42:27.982Z] > refreshing access token with scopes: ["email","https://www.googleapis.com/auth/cloud-platform","https://www.googleapis.com/auth/cloudplatformprojects.readonly","https://www.googleapis.com/auth/firebase","openid"]
[debug] [2022-10-05T14:42:27.982Z] >>> HTTP REQUEST POST https://www.googleapis.com/oauth2/v3/token  
 <request body omitted>
[debug] [2022-10-05T14:42:28.255Z] <<< HTTP RESPONSE 200 {"date":"Wed, 05 Oct 2022 14:42:25 GMT","cache-control":"no-cache, no-store, max-age=0, must-revalidate","expires":"Mon, 01 Jan 1990 00:00:00 GMT","pragma":"no-cache","content-type":"application/json; charset=utf-8","vary":"X-Origin, Referer, Origin,Accept-Encoding","server":"scaffolding on HTTPServer2","x-xss-protection":"0","x-frame-options":"SAMEORIGIN","x-content-type-options":"nosniff","alt-svc":"h3=\":443\"; ma=2592000,h3-29=\":443\"; ma=2592000,h3-Q050=\":443\"; ma=2592000,h3-Q046=\":443\"; ma=2592000,h3-Q043=\":443\"; ma=2592000,quic=\":443\"; ma=2592000; v=\"46,43\"","accept-ranges":"none","transfer-encoding":"chunked"}
[debug] [2022-10-05T14:42:28.280Z] >>> HTTP REQUEST GET https://serviceusage.googleapis.com/v1/projects/knr-tech/services/firebasedatabase.googleapis.com  
 
[debug] [2022-10-05T14:42:30.008Z] <<< HTTP RESPONSE 200 {"content-type":"application/json; charset=UTF-8","vary":"X-Origin, Referer, Origin,Accept-Encoding","date":"Wed, 05 Oct 2022 14:42:27 GMT","server":"ESF","cache-control":"private","x-xss-protection":"0","x-frame-options":"SAMEORIGIN","x-content-type-options":"nosniff","alt-svc":"h3=\":443\"; ma=2592000,h3-29=\":443\"; ma=2592000,h3-Q050=\":443\"; ma=2592000,h3-Q046=\":443\"; ma=2592000,h3-Q043=\":443\"; ma=2592000,quic=\":443\"; ma=2592000; v=\"46,43\"","accept-ranges":"none","transfer-encoding":"chunked"}
[info] +  database: required API firebasedatabase.googleapis.com is enabled 
[info] 
[debug] [2022-10-05T14:42:30.011Z] > refreshing access token with scopes: []
[debug] [2022-10-05T14:42:30.012Z] >>> HTTP REQUEST POST https://www.googleapis.com/oauth2/v3/token  
 <request body omitted>
[debug] [2022-10-05T14:42:30.276Z] <<< HTTP RESPONSE 200 {"cache-control":"no-cache, no-store, max-age=0, must-revalidate","expires":"Mon, 01 Jan 1990 00:00:00 GMT","pragma":"no-cache","date":"Wed, 05 Oct 2022 14:42:27 GMT","content-type":"application/json; charset=utf-8","vary":"X-Origin, Referer, Origin,Accept-Encoding","server":"scaffolding on HTTPServer2","x-xss-protection":"0","x-frame-options":"SAMEORIGIN","x-content-type-options":"nosniff","alt-svc":"h3=\":443\"; ma=2592000,h3-29=\":443\"; ma=2592000,h3-Q050=\":443\"; ma=2592000,h3-Q046=\":443\"; ma=2592000,h3-Q043=\":443\"; ma=2592000,quic=\":443\"; ma=2592000; v=\"46,43\"","accept-ranges":"none","transfer-encoding":"chunked"}
[debug] [2022-10-05T14:42:30.295Z] >>> [apiv2][query] GET https://firebase.googleapis.com/v1beta1/projects/knr-tech [none]
[debug] [2022-10-05T14:42:31.133Z] <<< [apiv2][status] GET https://firebase.googleapis.com/v1beta1/projects/knr-tech 200
[debug] [2022-10-05T14:42:31.133Z] <<< [apiv2][body] GET https://firebase.googleapis.com/v1beta1/projects/knr-tech {"projectId":"knr-tech","projectNumber":"1033844032112","displayName":"KNR TECH","name":"projects/knr-tech","resources":{"hostingSite":"knr-tech","realtimeDatabaseInstance":"knr-tech-default-rtdb"},"state":"ACTIVE","etag":"1_45839177-aa23-425b-8b13-97a4356936d1"}
[debug] [2022-10-05T14:42:31.135Z] > refreshing access token with scopes: ["email","https://www.googleapis.com/auth/cloud-platform","https://www.googleapis.com/auth/cloudplatformprojects.readonly","https://www.googleapis.com/auth/firebase","openid"]
[debug] [2022-10-05T14:42:31.135Z] >>> HTTP REQUEST POST https://www.googleapis.com/oauth2/v3/token  
 <request body omitted>
[debug] [2022-10-05T14:42:31.396Z] <<< HTTP RESPONSE 200 {"cache-control":"no-cache, no-store, max-age=0, must-revalidate","expires":"Mon, 01 Jan 1990 00:00:00 GMT","date":"Wed, 05 Oct 2022 14:42:28 GMT","pragma":"no-cache","content-type":"application/json; charset=utf-8","vary":"X-Origin, Referer, Origin,Accept-Encoding","server":"scaffolding on HTTPServer2","x-xss-protection":"0","x-frame-options":"SAMEORIGIN","x-content-type-options":"nosniff","alt-svc":"h3=\":443\"; ma=2592000,h3-29=\":443\"; ma=2592000,h3-Q050=\":443\"; ma=2592000,h3-Q046=\":443\"; ma=2592000,h3-Q043=\":443\"; ma=2592000,quic=\":443\"; ma=2592000; v=\"46,43\"","accept-ranges":"none","transfer-encoding":"chunked"}
[debug] [2022-10-05T14:42:31.416Z] >>> HTTP REQUEST GET https://firebasedatabase.googleapis.com/v1beta/projects/knr-tech/locations/-/instances/knr-tech-default-rtdb  
 
[debug] [2022-10-05T14:42:32.301Z] <<< HTTP RESPONSE 200 {"content-type":"application/json; charset=UTF-8","vary":"X-Origin, Referer, Origin,Accept-Encoding","date":"Wed, 05 Oct 2022 14:42:29 GMT","server":"ESF","cache-control":"private","x-xss-protection":"0","x-frame-options":"SAMEORIGIN","x-content-type-options":"nosniff","alt-svc":"h3=\":443\"; ma=2592000,h3-29=\":443\"; ma=2592000,h3-Q050=\":443\"; ma=2592000,h3-Q046=\":443\"; ma=2592000,h3-Q043=\":443\"; ma=2592000,quic=\":443\"; ma=2592000; v=\"46,43\"","accept-ranges":"none","transfer-encoding":"chunked"}
[info] 
[info] Firebase Realtime Database Security Rules allow you to define how your data should be
[info] structured and when your data can be read from and written to.
[info] 
[debug] [2022-10-05T14:42:32.309Z] >>> HTTP REQUEST GET https://knr-tech-default-rtdb.firebaseio.com/.settings/rules.json  
 
